This is pdfTeX, Version 3.141592653-2.6-1.40.25 (TeX Live 2023) (preloaded format=pdflatex 2025.3.25)  29 JUN 2025 21:19
entering extended mode
 restricted \write18 enabled.
 %&-line parsing enabled.
**"Proyecto - Parte 3.tex"
(./Proyecto - Parte 3.tex
LaTeX2e <2022-11-01> patch level 1
L3 programming layer <2023-02-22>
(/usr/share/texlive/texmf-dist/tex/latex/base/article.cls
Document Class: article 2022/07/02 v1.4n Standard LaTeX document class
(/usr/share/texlive/texmf-dist/tex/latex/base/size12.clo
File: size12.clo 2022/07/02 v1.4n Standard LaTeX file (size option)
)
\c@part=\count185
\c@section=\count186
\c@subsection=\count187
\c@subsubsection=\count188
\c@paragraph=\count189
\c@subparagraph=\count190
\c@figure=\count191
\c@table=\count192
\abovecaptionskip=\skip48
\belowcaptionskip=\skip49
\bibindent=\dimen140
)
(/usr/share/texlive/texmf-dist/tex/latex/amsmath/amsmath.sty
Package: amsmath 2022/04/08 v2.17n AMS math features
\@mathmargin=\skip50

For additional information on amsmath, use the `?' option.
(/usr/share/texlive/texmf-dist/tex/latex/amsmath/amstext.sty
Package: amstext 2021/08/26 v2.01 AMS text

(/usr/share/texlive/texmf-dist/tex/latex/amsmath/amsgen.sty
File: amsgen.sty 1999/11/30 v2.0 generic functions
\@emptytoks=\toks16
\ex@=\dimen141
))
(/usr/share/texlive/texmf-dist/tex/latex/amsmath/amsbsy.sty
Package: amsbsy 1999/11/29 v1.2d Bold Symbols
\pmbraise@=\dimen142
)
(/usr/share/texlive/texmf-dist/tex/latex/amsmath/amsopn.sty
Package: amsopn 2022/04/08 v2.04 operator names
)
\inf@bad=\count193
LaTeX Info: Redefining \frac on input line 234.
\uproot@=\count194
\leftroot@=\count195
LaTeX Info: Redefining \overline on input line 399.
LaTeX Info: Redefining \colon on input line 410.
\classnum@=\count196
\DOTSCASE@=\count197
LaTeX Info: Redefining \ldots on input line 496.
LaTeX Info: Redefining \dots on input line 499.
LaTeX Info: Redefining \cdots on input line 620.
\Mathstrutbox@=\box51
\strutbox@=\box52
LaTeX Info: Redefining \big on input line 722.
LaTeX Info: Redefining \Big on input line 723.
LaTeX Info: Redefining \bigg on input line 724.
LaTeX Info: Redefining \Bigg on input line 725.
\big@size=\dimen143
LaTeX Font Info:    Redeclaring font encoding OML on input line 743.
LaTeX Font Info:    Redeclaring font encoding OMS on input line 744.
\macc@depth=\count198
LaTeX Info: Redefining \bmod on input line 905.
LaTeX Info: Redefining \pmod on input line 910.
LaTeX Info: Redefining \smash on input line 940.
LaTeX Info: Redefining \relbar on input line 970.
LaTeX Info: Redefining \Relbar on input line 971.
\c@MaxMatrixCols=\count199
\dotsspace@=\muskip16
\c@parentequation=\count266
\dspbrk@lvl=\count267
\tag@help=\toks17
\row@=\count268
\column@=\count269
\maxfields@=\count270
\andhelp@=\toks18
\eqnshift@=\dimen144
\alignsep@=\dimen145
\tagshift@=\dimen146
\tagwidth@=\dimen147
\totwidth@=\dimen148
\lineht@=\dimen149
\@envbody=\toks19
\multlinegap=\skip51
\multlinetaggap=\skip52
\mathdisplay@stack=\toks20
LaTeX Info: Redefining \[ on input line 2953.
LaTeX Info: Redefining \] on input line 2954.
)
(/usr/share/texlive/texmf-dist/tex/latex/amsfonts/amssymb.sty
Package: amssymb 2013/01/14 v3.01 AMS font symbols

(/usr/share/texlive/texmf-dist/tex/latex/amsfonts/amsfonts.sty
Package: amsfonts 2013/01/14 v3.01 Basic AMSFonts support
\symAMSa=\mathgroup4
\symAMSb=\mathgroup5
LaTeX Font Info:    Redeclaring math symbol \hbar on input line 98.
LaTeX Font Info:    Overwriting math alphabet `\mathfrak' in version `bold'
(Font)                  U/euf/m/n --> U/euf/b/n on input line 106.
))
(/usr/share/texlive/texmf-dist/tex/latex/base/latexsym.sty
Package: latexsym 1998/08/17 v2.2e Standard LaTeX package (lasy symbols)
\symlasy=\mathgroup6
LaTeX Font Info:    Overwriting symbol font `lasy' in version `bold'
(Font)                  U/lasy/m/n --> U/lasy/b/n on input line 52.
)
(/usr/share/texlive/texmf-dist/tex/latex/graphics/graphicx.sty
Package: graphicx 2021/09/16 v1.2d Enhanced LaTeX Graphics (DPC,SPQR)

(/usr/share/texlive/texmf-dist/tex/latex/graphics/keyval.sty
Package: keyval 2022/05/29 v1.15 key=value parser (DPC)
\KV@toks@=\toks21
)
(/usr/share/texlive/texmf-dist/tex/latex/graphics/graphics.sty
Package: graphics 2022/03/10 v1.4e Standard LaTeX Graphics (DPC,SPQR)

(/usr/share/texlive/texmf-dist/tex/latex/graphics/trig.sty
Package: trig 2021/08/11 v1.11 sin cos tan (DPC)
)
(/usr/share/texlive/texmf-dist/tex/latex/graphics-cfg/graphics.cfg
File: graphics.cfg 2016/06/04 v1.11 sample graphics configuration
)
Package graphics Info: Driver file: pdftex.def on input line 107.

(/usr/share/texlive/texmf-dist/tex/latex/graphics-def/pdftex.def
File: pdftex.def 2022/09/22 v1.2b Graphics/color driver for pdftex
))
\Gin@req@height=\dimen150
\Gin@req@width=\dimen151
)
(/usr/share/texlive/texmf-dist/tex/latex/listings/listings.sty
\lst@mode=\count271
\lst@gtempboxa=\box53
\lst@token=\toks22
\lst@length=\count272
\lst@currlwidth=\dimen152
\lst@column=\count273
\lst@pos=\count274
\lst@lostspace=\dimen153
\lst@width=\dimen154
\lst@newlines=\count275
\lst@lineno=\count276
\lst@maxwidth=\dimen155

(/usr/share/texlive/texmf-dist/tex/latex/listings/lstmisc.sty
File: lstmisc.sty 2023/02/27 1.9 (Carsten Heinz)
\c@lstnumber=\count277
\lst@skipnumbers=\count278
\lst@framebox=\box54
)
(/usr/share/texlive/texmf-dist/tex/latex/listings/listings.cfg
File: listings.cfg 2023/02/27 1.9 listings configuration
))
Package: listings 2023/02/27 1.9 (Carsten Heinz)

(/usr/share/texlive/texmf-dist/tex/latex/xcolor/xcolor.sty
Package: xcolor 2022/06/12 v2.14 LaTeX color extensions (UK)

(/usr/share/texlive/texmf-dist/tex/latex/graphics-cfg/color.cfg
File: color.cfg 2016/01/02 v1.6 sample color configuration
)
Package xcolor Info: Driver file: pdftex.def on input line 227.

(/usr/share/texlive/texmf-dist/tex/latex/graphics/mathcolor.ltx)
Package xcolor Info: Model `cmy' substituted by `cmy0' on input line 1353.
Package xcolor Info: Model `hsb' substituted by `rgb' on input line 1357.
Package xcolor Info: Model `RGB' extended on input line 1369.
Package xcolor Info: Model `HTML' substituted by `rgb' on input line 1371.
Package xcolor Info: Model `Hsb' substituted by `hsb' on input line 1372.
Package xcolor Info: Model `tHsb' substituted by `hsb' on input line 1373.
Package xcolor Info: Model `HSB' substituted by `hsb' on input line 1374.
Package xcolor Info: Model `Gray' substituted by `gray' on input line 1375.
Package xcolor Info: Model `wave' substituted by `hsb' on input line 1376.
)
(/usr/share/texlive/texmf-dist/tex/latex/tools/enumerate.sty
Package: enumerate 2015/07/23 v3.00 enumerate extensions (DPC)
\@enLab=\toks23
)
(/usr/share/texlive/texmf-dist/tex/latex/enumitem/enumitem.sty
Package: enumitem 2019/06/20 v3.9 Customized lists
\labelindent=\skip53
\enit@outerparindent=\dimen156
\enit@toks=\toks24
\enit@inbox=\box55
\enit@count@id=\count279
\enitdp@description=\count280
)
(/usr/share/texlive/texmf-dist/tex/latex/float/float.sty
Package: float 2001/11/08 v1.3d Float enhancements (AL)
\c@float@type=\count281
\float@exts=\toks25
\float@box=\box56
\@float@everytoks=\toks26
\@floatcapt=\box57
)
(/usr/share/texlive/texmf-dist/tex/latex/caption/subcaption.sty
Package: subcaption 2023/02/19 v1.6 Sub-captions (AR)

(/usr/share/texlive/texmf-dist/tex/latex/caption/caption.sty
Package: caption 2023/03/12 v3.6j Customizing captions (AR)

(/usr/share/texlive/texmf-dist/tex/latex/caption/caption3.sty
Package: caption3 2023/03/12 v2.4 caption3 kernel (AR)
\caption@tempdima=\dimen157
\captionmargin=\dimen158
\caption@leftmargin=\dimen159
\caption@rightmargin=\dimen160
\caption@width=\dimen161
\caption@indent=\dimen162
\caption@parindent=\dimen163
\caption@hangindent=\dimen164
Package caption Info: Standard document class detected.
)
\c@caption@flags=\count282
\c@continuedfloat=\count283
Package caption Info: float package is loaded.
Package caption Info: listings package is loaded.
)
Package caption Info: New subtype `subfigure' on input line 239.
\c@subfigure=\count284
Package caption Info: New subtype `subtable' on input line 239.
\c@subtable=\count285
)
(/usr/share/texlive/texmf-dist/tex/latex/setspace/setspace.sty
Package: setspace 2022/12/04 v6.7b set line spacing
)
(/usr/share/texlive/texmf-dist/tex/latex/dirtytalk/dirtytalk.sty
Package: dirtytalk 2010/11/21 A package making "quoting" easier

(/usr/share/texlive/texmf-dist/tex/latex/kvoptions/kvoptions.sty
Package: kvoptions 2022-06-15 v3.15 Key value format for package options (HO)

(/usr/share/texlive/texmf-dist/tex/generic/ltxcmds/ltxcmds.sty
Package: ltxcmds 2020-05-10 v1.25 LaTeX kernel commands for general use (HO)
)
(/usr/share/texlive/texmf-dist/tex/latex/kvsetkeys/kvsetkeys.sty
Package: kvsetkeys 2022-10-05 v1.19 Key value parser (HO)
))
(/usr/share/texlive/texmf-dist/tex/latex/base/ifthen.sty
Package: ifthen 2022/04/13 v1.1d Standard LaTeX ifthen package (DPC)
)
\c@dirtytalk@qdepth=\count286
)
(/usr/share/texlive/texmf-dist/tex/latex/l3backend/l3backend-pdftex.def
File: l3backend-pdftex.def 2023-01-16 L3 backend support: PDF output (pdfTeX)
\l__color_backend_stack_int=\count287
\l__pdf_internal_box=\box58
)

LaTeX Warning: Unused global option(s):
    [Tahoma].

(./Proyecto - Parte 3.aux)
\openout1 = `"Proyecto - Parte 3.aux"'.

LaTeX Font Info:    Checking defaults for OML/cmm/m/it on input line 18.
LaTeX Font Info:    ... okay on input line 18.
LaTeX Font Info:    Checking defaults for OMS/cmsy/m/n on input line 18.
LaTeX Font Info:    ... okay on input line 18.
LaTeX Font Info:    Checking defaults for OT1/cmr/m/n on input line 18.
LaTeX Font Info:    ... okay on input line 18.
LaTeX Font Info:    Checking defaults for T1/cmr/m/n on input line 18.
LaTeX Font Info:    ... okay on input line 18.
LaTeX Font Info:    Checking defaults for TS1/cmr/m/n on input line 18.
LaTeX Font Info:    ... okay on input line 18.
LaTeX Font Info:    Checking defaults for OMX/cmex/m/n on input line 18.
LaTeX Font Info:    ... okay on input line 18.
LaTeX Font Info:    Checking defaults for U/cmr/m/n on input line 18.
LaTeX Font Info:    ... okay on input line 18.

(/usr/share/texlive/texmf-dist/tex/context/base/mkii/supp-pdf.mkii
[Loading MPS to PDF converter (version 2006.09.02).]
\scratchcounter=\count288
\scratchdimen=\dimen165
\scratchbox=\box59
\nofMPsegments=\count289
\nofMParguments=\count290
\everyMPshowfont=\toks27
\MPscratchCnt=\count291
\MPscratchDim=\dimen166
\MPnumerator=\count292
\makeMPintoPDFobject=\count293
\everyMPtoPDFconversion=\toks28
) (/usr/share/texlive/texmf-dist/tex/latex/epstopdf-pkg/epstopdf-base.sty
Package: epstopdf-base 2020-01-24 v2.11 Base part for package epstopdf
Package epstopdf-base Info: Redefining graphics rule for `.eps' on input line 4
85.

(/usr/share/texlive/texmf-dist/tex/latex/latexconfig/epstopdf-sys.cfg
File: epstopdf-sys.cfg 2010/07/13 v1.3 Configuration of (r)epstopdf for TeX Liv
e
))
\c@lstlisting=\count294
Package caption Info: Begin \AtBeginDocument code.
Package caption Info: End \AtBeginDocument code.
LaTeX Font Info:    Trying to load font information for U+msa on input line 33.


(/usr/share/texlive/texmf-dist/tex/latex/amsfonts/umsa.fd
File: umsa.fd 2013/01/14 v3.01 AMS symbols A
)
LaTeX Font Info:    Trying to load font information for U+msb on input line 33.


(/usr/share/texlive/texmf-dist/tex/latex/amsfonts/umsb.fd
File: umsb.fd 2013/01/14 v3.01 AMS symbols B
)
LaTeX Font Info:    Trying to load font information for U+lasy on input line 33
.

(/usr/share/texlive/texmf-dist/tex/latex/base/ulasy.fd
File: ulasy.fd 1998/08/17 v2.2e LaTeX symbol font definitions
) [1

{/var/lib/texmf/fonts/map/pdftex/updmap/pdftex.map}]
<gatoRaton.png, id=9, 794.97pt x 614.295pt>
File: gatoRaton.png Graphic file (type png)
<use gatoRaton.png>
Package pdftex.def Info: gatoRaton.png  used on input line 49.
(pdftex.def)             Requested size: 476.98569pt x 368.57983pt.

Overfull \hbox (86.98569pt too wide) in paragraph at lines 49--50
 [][] 
 []

[2]
<Paquetes2.png, id=14, 684.5575pt x 440.64626pt>
File: Paquetes2.png Graphic file (type png)
<use Paquetes2.png>
Package pdftex.def Info: Paquetes2.png  used on input line 54.
(pdftex.def)             Requested size: 410.73766pt x 264.38979pt.

Overfull \hbox (20.73766pt too wide) in paragraph at lines 54--55
 [][] 
 []

<ClaseAjedrez1.png, id=15, 738.76pt x 563.10374pt>
File: ClaseAjedrez1.png Graphic file (type png)
<use ClaseAjedrez1.png>
Package pdftex.def Info: ClaseAjedrez1.png  used on input line 58.
(pdftex.def)             Requested size: 443.25941pt x 337.86485pt.

Overfull \hbox (53.25941pt too wide) in paragraph at lines 58--59
 [][] 
 []

[3 <./gatoRaton.png>]
<ClaseAjedrez2.png, id=20, 551.05875pt x 492.84125pt>
File: ClaseAjedrez2.png Graphic file (type png)
<use ClaseAjedrez2.png>
Package pdftex.def Info: ClaseAjedrez2.png  used on input line 62.
(pdftex.def)             Requested size: 330.63779pt x 295.70702pt.
 [4 <./Paquetes2.png>]
<ClaseRaton.png, id=25, 815.045pt x 563.10374pt>
File: ClaseRaton.png Graphic file (type png)
<use ClaseRaton.png>
Package pdftex.def Info: ClaseRaton.png  used on input line 66.
(pdftex.def)             Requested size: 489.03076pt x 337.86485pt.

Overfull \hbox (99.03076pt too wide) in paragraph at lines 66--67
 [][] 
 []

[5 <./ClaseAjedrez1.png>]
<ClaseGato1.png, id=30, 1165.35374pt x 500.87125pt>
File: ClaseGato1.png Graphic file (type png)
<use ClaseGato1.png>
Package pdftex.def Info: ClaseGato1.png  used on input line 70.
(pdftex.def)             Requested size: 466.13324pt x 200.34494pt.

Overfull \hbox (76.13324pt too wide) in paragraph at lines 70--71
 [][] 
 []

[6 <./ClaseAjedrez2.png>]
<ClaseGato2.png, id=35, 842.14626pt x 547.04375pt>
File: ClaseGato2.png Graphic file (type png)
<use ClaseGato2.png>
Package pdftex.def Info: ClaseGato2.png  used on input line 74.
(pdftex.def)             Requested size: 421.0721pt x 273.5212pt.

Overfull \hbox (31.0721pt too wide) in paragraph at lines 74--75
 [][] 
 []

[7 <./ClaseRaton.png>]
<ClaseGatoCPU.png, id=41, 984.67876pt x 413.545pt>
File: ClaseGatoCPU.png Graphic file (type png)
<use ClaseGatoCPU.png>
Package pdftex.def Info: ClaseGatoCPU.png  used on input line 78.
(pdftex.def)             Requested size: 492.33817pt x 206.77199pt.

Overfull \hbox (102.33817pt too wide) in paragraph at lines 78--79
 [][] 
 []

<ClaseGatoNOCPU.png, id=42, 984.67876pt x 413.545pt>
File: ClaseGatoNOCPU.png Graphic file (type png)
<use ClaseGatoNOCPU.png>
Package pdftex.def Info: ClaseGatoNOCPU.png  used on input line 82.
(pdftex.def)             Requested size: 492.33817pt x 206.77199pt.

Overfull \hbox (102.33817pt too wide) in paragraph at lines 82--83
 [][] 
 []

[8 <./ClaseGato1.png> <./ClaseGato2.png>]
Overfull \hbox (25.46385pt too wide) in paragraph at lines 86--86
[]\OT1/cmr/bx/n/17.28 Instrucciones de c^^Somo cor-rer esta im-ple-mentaci^^Son
 
 []

[9 <./ClaseGatoCPU.png> <./ClaseGatoNOCPU.png>]
<correr1.png, id=53, 218.4963pt x 95.3964pt>
File: correr1.png Graphic file (type png)
<use correr1.png>
Package pdftex.def Info: correr1.png  used on input line 114.
(pdftex.def)             Requested size: 436.99152pt x 190.79227pt.

Overfull \hbox (46.99152pt too wide) in paragraph at lines 114--115
 [][] 
 []

<correr2.png, id=54, 99.4917pt x 102.1416pt>
File: correr2.png Graphic file (type png)
<use correr2.png>
Package pdftex.def Info: correr2.png  used on input line 119.
(pdftex.def)             Requested size: 198.98288pt x 204.28268pt.
[10{/usr/share/texlive/texmf-dist/fonts/enc/dvips/cm-super/cm-super-ts1.enc} <.
/correr1.png>]
<correr4.png, id=61, 170.7981pt x 89.3739pt>
File: correr4.png Graphic file (type png)
<use correr4.png>
Package pdftex.def Info: correr4.png  used on input line 131.
(pdftex.def)             Requested size: 341.59534pt x 178.74734pt.
 [11 <./correr2.png>]
<correr3.png, id=66, 167.6664pt x 90.0966pt>
File: correr3.png Graphic file (type png)
<use correr3.png>
Package pdftex.def Info: correr3.png  used on input line 136.
(pdftex.def)             Requested size: 335.33194pt x 180.19275pt.
<correr5.png, id=67, 115.1502pt x 57.0933pt>
File: correr5.png Graphic file (type png)
<use correr5.png>
Package pdftex.def Info: correr5.png  used on input line 141.
(pdftex.def)             Requested size: 230.29984pt x 114.18631pt.
 [12 <./correr4.png> <./correr3.png>]
<correr6.png, id=73, 1137.24875pt x 127.47626pt>
File: correr6.png Graphic file (type png)
<use correr6.png>
Package pdftex.def Info: correr6.png  used on input line 146.
(pdftex.def)             Requested size: 454.89145pt x 50.9896pt.

Overfull \hbox (64.89145pt too wide) in paragraph at lines 146--147
 [][] 
 []

<correr7.png, id=74, 918.43124pt x 101.37875pt>
File: correr7.png Graphic file (type png)
<use correr7.png>
Package pdftex.def Info: correr7.png  used on input line 151.
(pdftex.def)             Requested size: 459.2145pt x 50.68924pt.

Overfull \hbox (69.2145pt too wide) in paragraph at lines 151--152
 [][] 
 []

<correr8.png, id=75, 977.6525pt x 239.89626pt>
File: correr8.png Graphic file (type png)
<use correr8.png>
Package pdftex.def Info: correr8.png  used on input line 156.
(pdftex.def)             Requested size: 488.82506pt x 119.94783pt.

Overfull \hbox (98.82506pt too wide) in paragraph at lines 156--157
 [][] 
 []

[13 <./correr5.png> <./correr6.png> <./correr7.png> <./correr8.png>]
<correr9.png, id=84, 1086.0575pt x 574.145pt>
File: correr9.png Graphic file (type png)
<use correr9.png>
Package pdftex.def Info: correr9.png  used on input line 172.
(pdftex.def)             Requested size: 325.81976pt x 172.24483pt.
<correr10.png, id=85, 566.115pt x 300.12125pt>
File: correr10.png Graphic file (type png)
<use correr10.png>
Package pdftex.def Info: correr10.png  used on input line 176.
(pdftex.def)             Requested size: 339.67162pt x 180.07413pt.
<correr11.png, id=86, 135.8676pt x 72.0291pt>
File: correr11.png Graphic file (type png)
<use correr11.png>
Package pdftex.def Info: correr11.png  used on input line 181.
(pdftex.def)             Requested size: 271.7345pt x 144.0578pt.
 [14 <./correr9.png> <./correr10.png>]
File: correr4.png Graphic file (type png)
<use correr4.png>
Package pdftex.def Info: correr4.png  used on input line 187.
(pdftex.def)             Requested size: 256.1965pt x 134.0605pt.
<correr12.png, id=92, 167.6664pt x 90.0966pt>
File: correr12.png Graphic file (type png)
<use correr12.png>
Package pdftex.def Info: correr12.png  used on input line 192.
(pdftex.def)             Requested size: 251.49895pt x 135.14456pt.
<correr13.png, id=93, 287.8755pt x 51.5526pt>
File: correr13.png Graphic file (type png)
<use correr13.png>
Package pdftex.def Info: correr13.png  used on input line 197.
(pdftex.def)             Requested size: 431.81218pt x 77.32869pt.

Overfull \hbox (41.81218pt too wide) in paragraph at lines 197--198
 [][] 
 []

[15 <./correr11.png> <./correr12.png>]
<correr14.png, id=99, 160.1985pt x 92.0238pt>
File: correr14.png Graphic file (type png)
<use correr14.png>
Package pdftex.def Info: correr14.png  used on input line 202.
(pdftex.def)             Requested size: 320.39621pt x 184.04715pt.

Overfull \hbox (7.44867pt too wide) in paragraph at lines 199--203
[]\OT1/cmr/m/n/12 Hacemos lo mismo para el di-rec-to-rio ``Fichas'' con los arc
hivos ``Gato.py'',
 []

<correr15.png, id=100, 344.28625pt x 539.01375pt>
File: correr15.png Graphic file (type png)
<use correr15.png>
Package pdftex.def Info: correr15.png  used on input line 207.
(pdftex.def)             Requested size: 206.57333pt x 323.41074pt.
[16 <./correr13.png> <./correr14.png>]
<correr16.png, id=106, 82.6287pt x 129.3633pt>
File: correr16.png Graphic file (type png)
<use correr16.png>
Package pdftex.def Info: correr16.png  used on input line 212.
(pdftex.def)             Requested size: 165.25693pt x 258.72592pt.
 [17 <./correr15.png>]
<correr17.png, id=111, 344.28625pt x 539.01375pt>
File: correr17.png Graphic file (type png)
<use correr17.png>
Package pdftex.def Info: correr17.png  used on input line 217.
(pdftex.def)             Requested size: 206.57333pt x 323.41074pt.
 [18 <./correr16.png>]
<correr18.png, id=116, 82.6287pt x 129.3633pt>
File: correr18.png Graphic file (type png)
<use correr18.png>
Package pdftex.def Info: correr18.png  used on input line 222.
(pdftex.def)             Requested size: 165.25693pt x 258.72592pt.

Overfull \hbox (19.25136pt too wide) in paragraph at lines 219--223
\OT1/cmr/m/n/12 archivos restantes (es de-cir, ``Gato.py'', ``GatoCPU.py'', ``G
atoNOCPU.py''
 []

[19 <./correr17.png>]
<correr19.png, id=122, 1048.91875pt x 538.01pt>
File: correr19.png Graphic file (type png)
<use correr19.png>
Package pdftex.def Info: correr19.png  used on input line 227.
(pdftex.def)             Requested size: 419.56006pt x 215.20018pt.

Overfull \hbox (29.56006pt too wide) in paragraph at lines 227--228
 [][] 
 []

<correr20.png, id=123, 1369.115pt x 660.4675pt>
File: correr20.png Graphic file (type png)
<use correr20.png>
Package pdftex.def Info: correr20.png  used on input line 231.
(pdftex.def)             Requested size: 410.73767pt x 198.14177pt.

Overfull \hbox (20.73767pt too wide) in paragraph at lines 231--232
 [][] 
 []

[20 <./correr18.png> <./correr19.png>]
<correr21.png, id=129, 1067.99pt x 573.14125pt>
File: correr21.png Graphic file (type png)
<use correr21.png>
Package pdftex.def Info: correr21.png  used on input line 236.
(pdftex.def)             Requested size: 427.18845pt x 229.25243pt.

Overfull \hbox (37.18845pt too wide) in paragraph at lines 236--237
 [][] 
 []

[21 <./correr20.png> <./correr21.png>]
File: correr3.png Graphic file (type png)
<use correr3.png>
Package pdftex.def Info: correr3.png  used on input line 249.
(pdftex.def)             Requested size: 335.33194pt x 180.19275pt.
File: correr6.png Graphic file (type png)
<use correr6.png>
Package pdftex.def Info: correr6.png  used on input line 254.
(pdftex.def)             Requested size: 454.89145pt x 50.9896pt.

Overfull \hbox (64.89145pt too wide) in paragraph at lines 254--255
 [][] 
 []

<correr22.png, id=135, 1140.26pt x 573.14125pt>
File: correr22.png Graphic file (type png)
<use correr22.png>
Package pdftex.def Info: correr22.png  used on input line 259.
(pdftex.def)             Requested size: 342.08064pt x 171.9437pt.
[22]
<correr23.png, id=139, 257.0403pt x 90.3375pt>
File: correr23.png Graphic file (type png)
<use correr23.png>
Package pdftex.def Info: correr23.png  used on input line 264.
(pdftex.def)             Requested size: 411.26505pt x 144.54016pt.

Overfull \hbox (21.26505pt too wide) in paragraph at lines 264--265
 [][] 
 []

[23 <./correr22.png> <./correr23.png>]
Overfull \hbox (5.77505pt too wide) in paragraph at lines 283--284
\OT1/cmr/m/n/12 columna, con-ta-mos el to-tal de ve-ces que gan^^So con esa ex-
acta se-rie de movimien-
 []

<Resultados1.png, id=145, 976.64874pt x 700.6175pt>
File: Resultados1.png Graphic file (type png)
<use Resultados1.png>
Package pdftex.def Info: Resultados1.png  used on input line 296.
(pdftex.def)             Requested size: 390.65257pt x 280.24203pt.

Overfull \hbox (0.65257pt too wide) in paragraph at lines 296--297
 [][] 
 []

<Resultados2.png, id=146, 1370.11874pt x 740.7675pt>
File: Resultados2.png Graphic file (type png)
<use Resultados2.png>
Package pdftex.def Info: Resultados2.png  used on input line 300.
(pdftex.def)             Requested size: 479.54875pt x 259.2725pt.

Overfull \hbox (89.54875pt too wide) in paragraph at lines 300--301
 [][] 
 []

[24] [25 <./Resultados1.png>]
<Resultados3.png, id=155, 1364.09625pt x 700.6175pt>
File: Resultados3.png Graphic file (type png)
<use Resultados3.png>
Package pdftex.def Info: Resultados3.png  used on input line 307.
(pdftex.def)             Requested size: 409.23204pt x 210.18686pt.

Overfull \hbox (19.23204pt too wide) in paragraph at lines 307--308
 [][] 
 []

<Resultados4.png, id=156, 1364.09625pt x 700.6175pt>
File: Resultados4.png Graphic file (type png)
<use Resultados4.png>
Package pdftex.def Info: Resultados4.png  used on input line 311.
(pdftex.def)             Requested size: 409.23204pt x 210.18686pt.

Overfull \hbox (19.23204pt too wide) in paragraph at lines 311--312
 [][] 
 []

<Resultados5.png, id=157, 1364.09625pt x 700.6175pt>
File: Resultados5.png Graphic file (type png)
<use Resultados5.png>
Package pdftex.def Info: Resultados5.png  used on input line 315.
(pdftex.def)             Requested size: 409.23204pt x 210.18686pt.

Overfull \hbox (19.23204pt too wide) in paragraph at lines 315--316
 [][] 
 []

[26 <./Resultados2.png> <./Resultados3.png>]
<Resultados6.png, id=163, 1364.09625pt x 700.6175pt>
File: Resultados6.png Graphic file (type png)
<use Resultados6.png>
Package pdftex.def Info: Resultados6.png  used on input line 319.
(pdftex.def)             Requested size: 409.23204pt x 210.18686pt.

Overfull \hbox (19.23204pt too wide) in paragraph at lines 319--320
 [][] 
 []

<Resultados7.png, id=164, 1364.09625pt x 700.6175pt>
File: Resultados7.png Graphic file (type png)
<use Resultados7.png>
Package pdftex.def Info: Resultados7.png  used on input line 323.
(pdftex.def)             Requested size: 409.23204pt x 210.18686pt.

Overfull \hbox (19.23204pt too wide) in paragraph at lines 323--324
 [][] 
 []

[27 <./Resultados4.png> <./Resultados5.png>]
<Resultados8.png, id=170, 1364.09625pt x 700.6175pt>
File: Resultados8.png Graphic file (type png)
<use Resultados8.png>
Package pdftex.def Info: Resultados8.png  used on input line 330.
(pdftex.def)             Requested size: 409.23204pt x 210.18686pt.

Overfull \hbox (19.23204pt too wide) in paragraph at lines 330--331
 [][] 
 []

<Resultados9.png, id=171, 1364.09625pt x 700.6175pt>
File: Resultados9.png Graphic file (type png)
<use Resultados9.png>
Package pdftex.def Info: Resultados9.png  used on input line 334.
(pdftex.def)             Requested size: 409.23204pt x 210.18686pt.

Overfull \hbox (19.23204pt too wide) in paragraph at lines 334--335
 [][] 
 []

[28 <./Resultados6.png> <./Resultados7.png>]
<Resultados10.png, id=177, 1364.09625pt x 700.6175pt>
File: Resultados10.png Graphic file (type png)
<use Resultados10.png>
Package pdftex.def Info: Resultados10.png  used on input line 338.
(pdftex.def)             Requested size: 409.23204pt x 210.18686pt.

Overfull \hbox (19.23204pt too wide) in paragraph at lines 338--339
 [][] 
 []

<Resultados11.png, id=178, 1364.09625pt x 700.6175pt>
File: Resultados11.png Graphic file (type png)
<use Resultados11.png>
Package pdftex.def Info: Resultados11.png  used on input line 342.
(pdftex.def)             Requested size: 409.23204pt x 210.18686pt.

Overfull \hbox (19.23204pt too wide) in paragraph at lines 342--343
 [][] 
 []

[29 <./Resultados8.png> <./Resultados9.png>]
<Resultados12.png, id=184, 1364.09625pt x 700.6175pt>
File: Resultados12.png Graphic file (type png)
<use Resultados12.png>
Package pdftex.def Info: Resultados12.png  used on input line 346.
(pdftex.def)             Requested size: 409.23204pt x 210.18686pt.

Overfull \hbox (19.23204pt too wide) in paragraph at lines 346--347
 [][] 
 []

[30 <./Resultados10.png> <./Resultados11.png>] [31 <./Resultados12.png>]
(./Proyecto - Parte 3.aux) ) 
Here is how much of TeX's memory you used:
 7183 strings out of 476034
 115502 string characters out of 5792864
 1855388 words of memory out of 6000000
 27520 multiletter control sequences out of 15000+600000
 522023 words of font info for 73 fonts, out of 8000000 for 9000
 1137 hyphenation exceptions out of 8191
 67i,8n,77p,993b,379s stack positions out of 10000i,1000n,20000p,200000b,200000s
</usr/share/texlive/texmf-dist/fonts/type1/public/a
msfonts/cm/cmbx12.pfb></usr/share/texlive/texmf-dist/fonts/type1/public/amsfont
s/cm/cmr12.pfb></usr/share/texlive/texmf-dist/fonts/type1/public/amsfonts/cm/cm
r17.pfb></usr/share/texlive/texmf-dist/fonts/type1/public/amsfonts/cm/cmsy10.pf
b></usr/share/texlive/texmf-dist/fonts/type1/public/cm-super/sfrm1200.pfb>
Output written on "Proyecto - Parte 3.pdf" (31 pages, 1757767 bytes).
PDF statistics:
 219 PDF objects out of 1000 (max. 8388607)
 87 compressed objects within 1 object stream
 0 named destinations out of 1000 (max. 500000)
 221 words of extra memory for PDF output out of 10000 (max. 10000000)

